#
# There is insufficient memory for the Java Runtime Environment to continue.
# Native memory allocation (mmap) failed to map 132120576 bytes for G1 virtual space
# Possible reasons:
#   The system is out of physical RAM or swap space
#   The process is running with CompressedOops enabled, and the Java Heap may be blocking the growth of the native heap
# Possible solutions:
#   Reduce memory load on the system
#   Increase physical memory or swap space
#   Check if swap backing store is full
#   Decrease Java heap size (-Xmx/-Xms)
#   Decrease number of Java threads
#   Decrease Java thread stack sizes (-Xss)
#   Set larger code cache with -XX:ReservedCodeCacheSize=
#   JVM is running with Unscaled Compressed Oops mode in which the Java heap is
#     placed in the first 4GB address space. The Java Heap base address is the
#     maximum limit for the native heap growth. Please use -XX:HeapBaseMinAddress
#     to set the Java Heap base and to place the Java Heap above 4GB virtual address.
# This output file may be truncated or incomplete.
#
#  Out of Memory Error (os_windows.cpp:3825), pid=19396, tid=6856
#
# JRE version:  (17.0.10+8) (build )
# Java VM: OpenJDK 64-Bit Server VM (17.0.10+8-b1207.12, mixed mode, sharing, tiered, compressed oops, compressed class ptrs, g1 gc, windows-amd64)
# No core dump will be written. Minidumps are not enabled by default on client versions of Windows
#

---------------  S U M M A R Y ------------

Command Line: git4idea.http.GitAskPassApp Username for 'https://github.com': 

Host: Intel(R) Core(TM) i5-10210U CPU @ 1.60GHz, 8 cores, 7G,  Windows 10 , 64 bit Build 19041 (10.0.19041.3636)
Time: Sat Apr 20 17:25:49 2024 Jerusalem Summer Time elapsed time: 0.012926 seconds (0d 0h 0m 0s)

---------------  T H R E A D  ---------------

Current thread (0x00000147aed3eaf0):  JavaThread "Unknown thread" [_thread_in_vm, id=6856, stack(0x0000000dde500000,0x0000000dde600000)]

Stack: [0x0000000dde500000,0x0000000dde600000]
Native frames: (J=compiled Java code, j=interpreted, Vv=VM code, C=native code)
V  [jvm.dll+0x687989]
V  [jvm.dll+0x84116a]
V  [jvm.dll+0x842dae]
V  [jvm.dll+0x843413]
V  [jvm.dll+0x249ccf]
V  [jvm.dll+0x684759]
V  [jvm.dll+0x67900a]
V  [jvm.dll+0x30ab0b]
V  [jvm.dll+0x311fb6]
V  [jvm.dll+0x361d5e]
V  [jvm.dll+0x361f8f]
V  [jvm.dll+0x2e07f8]
V  [jvm.dll+0x2e1764]
V  [jvm.dll+0x811c31]
V  [jvm.dll+0x36fc11]
V  [jvm.dll+0x7f0666]
V  [jvm.dll+0x3f3daf]
V  [jvm.dll+0x3f5a41]
C  [jli.dll+0x528f]
C  [ucrtbase.dll+0x21bb2]
C  [KERNEL32.DLL+0x17344]
C  [ntdll.dll+0x526b1]


---------------  P R O C E S S  ---------------

Threads class SMR info:
_java_thread_list=0x00007ffa99b9df58, length=0, elements={
}

Java Threads: ( => current thread )

Other Threads:
  0x00000147aed98040 GCTaskThread "GC Thread#0" [stack: 0x0000000dde600000,0x0000000dde700000] [id=4108]
  0x00000147aeda8910 ConcurrentGCThread "G1 Main Marker" [stack: 0x0000000dde700000,0x0000000dde800000] [id=19176]
  0x00000147aeda9330 ConcurrentGCThread "G1 Conc#0" [stack: 0x0000000dde800000,0x0000000dde900000] [id=768]

[error occurred during error reporting (printing all threads), id 0xc0000005, EXCEPTION_ACCESS_VIOLATION (0xc0000005) at pc=0x00007ffa993513c7]

VM state: not at safepoint (not fully initialized)

VM Mutex/Monitor currently owned by a thread:  ([mutex/lock_event])
[0x00000147aed39760] Heap_lock - owner thread: 0x00000147aed3eaf0

Heap address: 0x0000000083400000, size: 1996 MB, Compressed Oops mode: 32-bit

CDS archive(s) mapped at: [0x0000000000000000-0x0000000000000000-0x0000000000000000), size 0, SharedBaseAddress: 0x0000000800000000, ArchiveRelocationMode: 1.
Narrow klass base: 0x0000000000000000, Narrow klass shift: 0, Narrow klass range: 0x0

GC Precious Log:
<Empty>

Heap:
 garbage-first heap   total 0K, used 0K [0x0000000083400000, 0x0000000100000000)
  region size 1024K, 0 young (0K), 0 survivors (0K)
 Metaspace       used 0K, committed 0K, reserved 0K
  class space    used 0K, committed 0K, reserved 0K

Heap Regions: E=young(eden), S=young(survivor), O=old, HS=humongous(starts), HC=humongous(continues), CS=collection set, F=free, OA=open archive, CA=closed archive, TAMS=top-at-mark-start (previous, next)

Card table byte_map: [0x00000147c1be0000,0x00000147c1fd0000] _byte_map_base: 0x00000147c17c6000

Marking Bits (Prev, Next): (CMBitMap*) 0x00000147aed98660, (CMBitMap*) 0x00000147aed986a0
 Prev Bits: [0x00000147c23c0000, 0x00000147c42f0000)
 Next Bits: [0x00000147c42f0000, 0x00000147c6220000)

GC Heap History (0 events):
No events

Dll operation events (1 events):
Event: 0.007 Loaded shared library C:\Program Files\JetBrains\PyCharm 2024.1\jbr\bin\java.dll

Deoptimization events (0 events):
No events

Classes unloaded (0 events):
No events

Classes redefined (0 events):
No events

Internal exceptions (0 events):
No events

VM Operations (0 events):
No events

Events (0 events):
No events


Dynamic libraries:
0x00007ff6b9810000 - 0x00007ff6b981a000 	C:\Program Files\JetBrains\PyCharm 2024.1\jbr\bin\java.exe
0x00007ffb052d0000 - 0x00007ffb054c8000 	C:\windows\SYSTEM32\ntdll.dll
0x00007ffb03760000 - 0x00007ffb0381d000 	C:\windows\System32\KERNEL32.DLL
0x00007ffb02d00000 - 0x00007ffb02ff6000 	C:\windows\System32\KERNELBASE.dll
0x00007ffb02980000 - 0x00007ffb02a80000 	C:\windows\System32\ucrtbase.dll
0x00007ffafb170000 - 0x00007ffafb187000 	C:\Program Files\JetBrains\PyCharm 2024.1\jbr\bin\jli.dll
0x00007ffb03eb0000 - 0x00007ffb0404f000 	C:\windows\System32\USER32.dll
0x00007ffb02b10000 - 0x00007ffb02b32000 	C:\windows\System32\win32u.dll
0x00007ffb03940000 - 0x00007ffb0396b000 	C:\windows\System32\GDI32.dll
0x00007ffae1590000 - 0x00007ffae182a000 	C:\windows\WinSxS\amd64_microsoft.windows.common-controls_6595b64144ccf1df_6.0.19041.3636_none_60b6a03d71f818d5\COMCTL32.dll
0x00007ff9aa8c0000 - 0x00007ff9aa8db000 	C:\Program Files\JetBrains\PyCharm 2024.1\jbr\bin\VCRUNTIME140.dll
0x00007ffb02b40000 - 0x00007ffb02c57000 	C:\windows\System32\gdi32full.dll
0x00007ffb051f0000 - 0x00007ffb0528e000 	C:\windows\System32\msvcrt.dll
0x00007ffb02c60000 - 0x00007ffb02cfd000 	C:\windows\System32\msvcp_win.dll
0x00007ffb04fe0000 - 0x00007ffb05012000 	C:\windows\System32\IMM32.DLL
0x00007ff9aab40000 - 0x00007ff9aab4c000 	C:\Program Files\JetBrains\PyCharm 2024.1\jbr\bin\vcruntime140_1.dll
0x00007ff9aa040000 - 0x00007ff9aa0cd000 	C:\Program Files\JetBrains\PyCharm 2024.1\jbr\bin\msvcp140.dll
0x00007ffa99060000 - 0x00007ffa99ce2000 	C:\Program Files\JetBrains\PyCharm 2024.1\jbr\bin\server\jvm.dll
0x00007ffb03820000 - 0x00007ffb038d0000 	C:\windows\System32\ADVAPI32.dll
0x00007ffb04f40000 - 0x00007ffb04fe0000 	C:\windows\System32\sechost.dll
0x00007ffb04100000 - 0x00007ffb04223000 	C:\windows\System32\RPCRT4.dll
0x00007ffb032d0000 - 0x00007ffb032f7000 	C:\windows\System32\bcrypt.dll
0x00007ffb01f10000 - 0x00007ffb01f5b000 	C:\windows\SYSTEM32\POWRPROF.dll
0x00007ffae21c0000 - 0x00007ffae21c9000 	C:\windows\SYSTEM32\WSOCK32.dll
0x00007ffaf1840000 - 0x00007ffaf1867000 	C:\windows\SYSTEM32\WINMM.dll
0x00007ffafbd10000 - 0x00007ffafbd1a000 	C:\windows\SYSTEM32\VERSION.dll
0x00007ffb038d0000 - 0x00007ffb0393b000 	C:\windows\System32\WS2_32.dll
0x00007ffb01d80000 - 0x00007ffb01d92000 	C:\windows\SYSTEM32\UMPDC.dll
0x00007ffb00810000 - 0x00007ffb00822000 	C:\windows\SYSTEM32\kernel.appcore.dll
0x00007ffafdba0000 - 0x00007ffafdbaa000 	C:\Program Files\JetBrains\PyCharm 2024.1\jbr\bin\jimage.dll
0x00007ffb00050000 - 0x00007ffb00234000 	C:\windows\SYSTEM32\DBGHELP.DLL
0x00007ffaf8f10000 - 0x00007ffaf8f44000 	C:\windows\SYSTEM32\dbgcore.DLL
0x00007ffb02a80000 - 0x00007ffb02b02000 	C:\windows\System32\bcryptPrimitives.dll
0x00007ffafcb30000 - 0x00007ffafcb55000 	C:\Program Files\JetBrains\PyCharm 2024.1\jbr\bin\java.dll

dbghelp: loaded successfully - version: 4.0.5 - missing functions: none
symbol engine: initialized successfully - sym options: 0x614 - pdb path: .;C:\Program Files\JetBrains\PyCharm 2024.1\jbr\bin;C:\windows\SYSTEM32;C:\windows\WinSxS\amd64_microsoft.windows.common-controls_6595b64144ccf1df_6.0.19041.3636_none_60b6a03d71f818d5;C:\Program Files\JetBrains\PyCharm 2024.1\jbr\bin\server

VM Arguments:
java_command: git4idea.http.GitAskPassApp Username for 'https://github.com': 
java_class_path (initial): C:/Program Files/JetBrains/PyCharm 2024.1/plugins/vcs-git/lib/git4idea-rt.jar;C:/Program Files/JetBrains/PyCharm 2024.1/lib/externalProcess-rt.jar
Launcher Type: SUN_STANDARD

[Global flags]
     intx CICompilerCount                          = 4                                         {product} {ergonomic}
     uint ConcGCThreads                            = 2                                         {product} {ergonomic}
     uint G1ConcRefinementThreads                  = 8                                         {product} {ergonomic}
   size_t G1HeapRegionSize                         = 1048576                                   {product} {ergonomic}
    uintx GCDrainStackTargetSize                   = 64                                        {product} {ergonomic}
   size_t InitialHeapSize                          = 132120576                                 {product} {ergonomic}
   size_t MarkStackSize                            = 4194304                                   {product} {ergonomic}
   size_t MaxHeapSize                              = 2092957696                                {product} {ergonomic}
   size_t MinHeapDeltaBytes                        = 1048576                                   {product} {ergonomic}
   size_t MinHeapSize                              = 8388608                                   {product} {ergonomic}
    uintx NonNMethodCodeHeapSize                   = 5839372                                {pd product} {ergonomic}
    uintx NonProfiledCodeHeapSize                  = 122909434                              {pd product} {ergonomic}
    uintx ProfiledCodeHeapSize                     = 122909434                              {pd product} {ergonomic}
    uintx ReservedCodeCacheSize                    = 251658240                              {pd product} {ergonomic}
     bool SegmentedCodeCache                       = true                                      {product} {ergonomic}
   size_t SoftMaxHeapSize                          = 2092957696                             {manageable} {ergonomic}
     bool UseCompressedClassPointers               = true                           {product lp64_product} {ergonomic}
     bool UseCompressedOops                        = true                           {product lp64_product} {ergonomic}
     bool UseG1GC                                  = true                                      {product} {ergonomic}
     bool UseLargePagesIndividualAllocation        = false                                  {pd product} {ergonomic}

Logging:
Log output configuration:
 #0: stdout all=warning uptime,level,tags
 #1: stderr all=off uptime,level,tags

Environment Variables:
PATH=C:/Program Files/Git/mingw64/libexec/git-core;C:/Program Files/Git/mingw64/libexec/git-core;C:\Program Files\Git\mingw64\bin;C:\Program Files\Git\usr\bin;C:\Users\USER\bin;C:\Users\USER\anaconda3;C:\Users\USER\anaconda3\Library\mingw-w64\bin;C:\Users\USER\anaconda3\Library\usr\bin;C:\Users\USER\anaconda3\Library\bin;C:\Users\USER\anaconda3\Scripts;C:\Users\USER\anaconda3\bin;C:\Users\USER\anaconda3\condabin;C:\Program Files\Google\Chrome\Application;C:\SIMULIA\Commands;C:\Program Files\Common Files\Oracle\Java\javapath;C:\windows\system32;C:\windows;C:\windows\System32\Wbem;C:\windows\System32\WindowsPowerShell\v1.0;C:\windows\System32\OpenSSH;C:\Program Files\MATLAB\R2023a\runtime\win64;C:\Program Files\MATLAB\R2023a\bin;C:\Program Files\Git\cmd;C:\Users\USER\AppData\Local\Programs\Python\Python311\Scripts;C:\Users\USER\AppData\Local\Programs\Python\Python311;C:\Users\USER\AppData\Local\Microsoft\WindowsApps;.
USERNAME=USER
DISPLAY=:0.0
LC_ALL=en_US.UTF-8
TERM=xterm-256color
TMPDIR=C:\Users\USER\AppData\Local\Temp
OS=Windows_NT
PROCESSOR_IDENTIFIER=Intel64 Family 6 Model 142 Stepping 12, GenuineIntel
TMP=C:\Users\USER\AppData\Local\Temp
TEMP=C:\Users\USER\AppData\Local\Temp



Periodic native trim disabled

JNI global refs:
JNI global refs: 0, weak refs: 0

JNI global refs memory usage: 0, weak refs: 0

OOME stack traces (most recent first):
Classloader memory used:


---------------  S Y S T E M  ---------------

OS:
 Windows 10 , 64 bit Build 19041 (10.0.19041.3636)
OS uptime: 6 days 2:47 hours

CPU: total 8 (initial active 8) (4 cores per cpu, 2 threads per core) family 6 model 142 stepping 12 microcode 0xec, cx8, cmov, fxsr, ht, mmx, 3dnowpref, sse, sse2, sse3, ssse3, sse4.1, sse4.2, popcnt, lzcnt, tsc, tscinvbit, avx, avx2, aes, erms, clmul, bmi1, bmi2, adx, fma, vzeroupper, clflush, clflushopt
Processor Information for all 8 processors :
  Max Mhz: 2112, Current Mhz: 1609, Mhz Limit: 1605

Memory: 4k page, system-wide physical 7979M (425M free)
TotalPageFile size 32555M (AvailPageFile size 100M)
current process WorkingSet (physical memory assigned to process): 10M, peak: 10M
current process commit charge ("private bytes"): 60M, peak: 186M

vm_info: OpenJDK 64-Bit Server VM (17.0.10+8-b1207.12) for windows-amd64 JRE (17.0.10+8-b1207.12), built on 2024-03-15 by "builduser" with MS VC++ 16.10 / 16.11 (VS2019)

END.
